{
  "RSpec": {
    "coverage": {
      "/Users/robmatthews/Desktop/bitmovin-ruby/lib/bitmovin-ruby.rb": [
        1,
        1,
        1,
        1,
        1,
        1,
        1,
        1,
        null,
        1,
        1,
        1,
        1,
        1,
        1,
        1,
        1,
        1,
        1,
        null,
        1,
        1,
        null,
        1,
        0,
        null,
        null,
        1,
        0,
        null,
        null
      ],
      "/Users/robmatthews/Desktop/bitmovin-ruby/lib/bitmovin/bitmovin_error.rb": [
        1,
        1,
        null,
        1,
        0,
        null,
        null
      ],
      "/Users/robmatthews/Desktop/bitmovin-ruby/lib/bitmovin/helpers.rb": [
        1,
        1,
        0,
        null,
        null,
        1,
        0,
        null,
        null,
        1,
        0,
        0,
        0,
        null,
        0,
        null,
        null,
        1,
        0,
        0,
        null,
        null,
        0,
        0,
        0,
        0,
        null,
        0,
        0,
        null,
        0,
        0,
        0,
        null,
        0,
        null,
        null,
        1,
        0,
        0,
        null,
        null,
        0,
        0,
        0,
        0,
        null,
        0,
        0,
        null,
        0,
        null,
        0,
        null,
        null
      ],
      "/Users/robmatthews/Desktop/bitmovin-ruby/lib/bitmovin/child_collection.rb": [
        1,
        1,
        1,
        5,
        null,
        null,
        1,
        1,
        7,
        0,
        0,
        0,
        null,
        0,
        0,
        0,
        null,
        null,
        7,
        0,
        0,
        null,
        0,
        0,
        0,
        null,
        0,
        null,
        null,
        7,
        0,
        0,
        0,
        null,
        0,
        0,
        null,
        null,
        null,
        null,
        null
      ],
      "/Users/robmatthews/Desktop/bitmovin-ruby/lib/bitmovin/resource.rb": [
        1,
        1,
        1,
        null,
        1,
        1,
        22,
        null,
        1,
        null,
        null,
        1,
        0,
        0,
        0,
        null,
        null,
        null,
        1,
        0,
        0,
        null,
        null,
        null,
        1,
        null,
        null,
        1,
        0,
        null,
        null,
        1,
        0,
        0,
        null,
        null,
        0,
        0,
        0,
        null,
        0,
        0,
        0,
        null,
        null,
        1,
        0,
        null,
        null,
        1,
        0,
        null,
        null,
        1,
        0,
        null,
        null,
        1,
        null,
        1,
        0,
        0,
        null,
        null,
        null,
        1,
        0,
        0,
        0,
        0,
        null,
        0,
        0,
        0,
        null,
        0,
        0,
        null,
        0,
        0,
        null,
        null,
        0,
        null,
        null,
        null
      ],
      "/Users/robmatthews/Desktop/bitmovin-ruby/lib/bitmovin/input_resource.rb": [
        1,
        1,
        1,
        0,
        0,
        0,
        null,
        0,
        0,
        null,
        null,
        1,
        0,
        null,
        null,
        null
      ],
      "/Users/robmatthews/Desktop/bitmovin-ruby/lib/bitmovin/configuration_resource.rb": [
        1,
        1,
        null,
        null
      ],
      "/Users/robmatthews/Desktop/bitmovin-ruby/lib/bitmovin/client.rb": [
        1,
        1,
        1,
        1,
        null,
        1,
        0,
        0,
        0,
        null,
        null,
        null,
        null,
        null,
        null,
        0,
        null,
        0,
        0,
        null,
        null,
        null,
        1,
        0,
        null,
        null,
        1,
        0,
        null,
        null,
        1,
        0,
        null,
        null,
        null
      ],
      "/Users/robmatthews/Desktop/bitmovin-ruby/lib/bitmovin/encoding.rb": [
        1,
        1,
        null,
        null,
        1,
        1,
        1,
        1,
        1,
        1
      ],
      "/Users/robmatthews/Desktop/bitmovin-ruby/lib/bitmovin/encoding/inputs.rb": [
        1,
        1,
        1,
        0,
        0,
        0,
        0,
        null,
        0,
        null,
        0,
        null,
        0,
        null,
        0,
        null,
        0,
        null,
        0,
        null,
        0,
        null,
        0,
        null,
        0,
        null,
        0,
        null,
        null,
        0,
        null,
        null,
        null,
        1,
        1,
        1,
        1,
        1,
        1,
        1,
        1,
        1,
        1,
        1,
        1
      ],
      "/Users/robmatthews/Desktop/bitmovin-ruby/lib/bitmovin/encoding/inputs/s3_input.rb": [
        1,
        1,
        1,
        1,
        1,
        null,
        null
      ],
      "/Users/robmatthews/Desktop/bitmovin-ruby/lib/bitmovin/encoding/inputs/rtmp_input.rb": [
        1,
        1,
        1,
        1,
        null,
        null
      ],
      "/Users/robmatthews/Desktop/bitmovin-ruby/lib/bitmovin/encoding/inputs/generic_s3_input.rb": [
        1,
        1,
        1,
        1,
        1,
        null,
        null
      ],
      "/Users/robmatthews/Desktop/bitmovin-ruby/lib/bitmovin/encoding/inputs/gcs_input.rb": [
        1,
        1,
        1,
        1,
        1,
        null,
        null
      ],
      "/Users/robmatthews/Desktop/bitmovin-ruby/lib/bitmovin/encoding/inputs/azure_input.rb": [
        1,
        1,
        1,
        1,
        1,
        1,
        null,
        null
      ],
      "/Users/robmatthews/Desktop/bitmovin-ruby/lib/bitmovin/encoding/inputs/ftp_input.rb": [
        1,
        1,
        1,
        1,
        1,
        null,
        null
      ],
      "/Users/robmatthews/Desktop/bitmovin-ruby/lib/bitmovin/encoding/inputs/sftp_input.rb": [
        1,
        1,
        1,
        1,
        1,
        null,
        null
      ],
      "/Users/robmatthews/Desktop/bitmovin-ruby/lib/bitmovin/encoding/inputs/http_input.rb": [
        1,
        1,
        1,
        1,
        1,
        null,
        null
      ],
      "/Users/robmatthews/Desktop/bitmovin-ruby/lib/bitmovin/encoding/inputs/https_input.rb": [
        1,
        1,
        1,
        1,
        1,
        null,
        null
      ],
      "/Users/robmatthews/Desktop/bitmovin-ruby/lib/bitmovin/encoding/inputs/aspera_input.rb": [
        1,
        1,
        1,
        1,
        1,
        null,
        null
      ],
      "/Users/robmatthews/Desktop/bitmovin-ruby/lib/bitmovin/encoding/inputs/analysis.rb": [
        1,
        1,
        1,
        1,
        0,
        null,
        null,
        1,
        0,
        0,
        0,
        0,
        null,
        null,
        null,
        1,
        0,
        0,
        0,
        null,
        null,
        1,
        1,
        0,
        null,
        null,
        null
      ],
      "/Users/robmatthews/Desktop/bitmovin-ruby/lib/bitmovin/encoding/inputs/analysis_task.rb": [
        1,
        1,
        null,
        null,
        null,
        null,
        null,
        null,
        1,
        0,
        0,
        null,
        0,
        0,
        null,
        0,
        null,
        null,
        1,
        null,
        1,
        0,
        null,
        null,
        1,
        0,
        0,
        0,
        0,
        0,
        0,
        null,
        0,
        null,
        null,
        1,
        0,
        null,
        null,
        1,
        0,
        null,
        null,
        1,
        0,
        null,
        null,
        1,
        0,
        null,
        null,
        1,
        0,
        null,
        null,
        1,
        0,
        null,
        null,
        1,
        0,
        null,
        null,
        null,
        null,
        1,
        0,
        0,
        null,
        0,
        null,
        null,
        null
      ],
      "/Users/robmatthews/Desktop/bitmovin-ruby/lib/bitmovin/encoding/outputs.rb": [
        1,
        1,
        1,
        0,
        0,
        0,
        0,
        null,
        0,
        null,
        0,
        null,
        null,
        0,
        null,
        null,
        null,
        1,
        1
      ],
      "/Users/robmatthews/Desktop/bitmovin-ruby/lib/bitmovin/encoding/outputs/s3_output.rb": [
        1,
        1,
        1,
        1,
        null,
        null
      ],
      "/Users/robmatthews/Desktop/bitmovin-ruby/lib/bitmovin/encoding/outputs/gcs_output.rb": [
        1,
        1,
        1,
        1,
        null,
        null
      ],
      "/Users/robmatthews/Desktop/bitmovin-ruby/lib/bitmovin/encoding/codec_configurations.rb": [
        1,
        1,
        1,
        0,
        0,
        0,
        null,
        0,
        null,
        0,
        null,
        0,
        null,
        0,
        null,
        null,
        null,
        null,
        null,
        1,
        1,
        1,
        1
      ],
      "/Users/robmatthews/Desktop/bitmovin-ruby/lib/bitmovin/encoding/codec_configurations/h264_configuration.rb": [
        1,
        1,
        1,
        null,
        1,
        1,
        1,
        null,
        null
      ],
      "/Users/robmatthews/Desktop/bitmovin-ruby/lib/bitmovin/encoding/codec_configurations/h265_configuration.rb": [
        1,
        1,
        1,
        null,
        1,
        1,
        1,
        null,
        null
      ],
      "/Users/robmatthews/Desktop/bitmovin-ruby/lib/bitmovin/encoding/codec_configurations/aac_configuration.rb": [
        1,
        1,
        1,
        1,
        1,
        null,
        null
      ],
      "/Users/robmatthews/Desktop/bitmovin-ruby/lib/bitmovin/encoding/codec_configurations/vp9_configuration.rb": [
        1,
        1,
        1,
        null,
        1,
        1,
        null,
        null
      ],
      "/Users/robmatthews/Desktop/bitmovin-ruby/lib/bitmovin/encoding/encodings.rb": [
        1,
        1,
        null,
        1,
        0,
        null,
        null,
        null,
        1,
        1,
        1,
        1,
        1,
        1,
        1,
        1,
        1,
        1,
        1,
        1,
        1,
        1,
        1,
        1,
        1,
        1,
        1,
        1,
        1,
        1
      ],
      "/Users/robmatthews/Desktop/bitmovin-ruby/lib/bitmovin/encoding/encodings/stream.rb": [
        1,
        1,
        1,
        1,
        1,
        null,
        1,
        0,
        0,
        0,
        0,
        0,
        0,
        0,
        null,
        0,
        0,
        null,
        null,
        1,
        null,
        1,
        0,
        null,
        null,
        1,
        0,
        0,
        0,
        null,
        null,
        1,
        0,
        null,
        null,
        1,
        0,
        0,
        0,
        null,
        null,
        1,
        0,
        0,
        null,
        0,
        null,
        null,
        1,
        0,
        null,
        null,
        1,
        0,
        0,
        null,
        null,
        null,
        1,
        0,
        0,
        null,
        null,
        1,
        0,
        null,
        null,
        1,
        0,
        null,
        null,
        1,
        0,
        0,
        0,
        null,
        null,
        1,
        0,
        0,
        0,
        null,
        null,
        1,
        1,
        0,
        null,
        0,
        0,
        0,
        null,
        0,
        0,
        null,
        0,
        null,
        1,
        0,
        0,
        0,
        null,
        0,
        0,
        null,
        null,
        0,
        0,
        null,
        null,
        0,
        null,
        0,
        null,
        null,
        1,
        0,
        null,
        null,
        null
      ],
      "/Users/robmatthews/Desktop/bitmovin-ruby/lib/bitmovin/encoding/encodings/stream_input.rb": [
        1,
        1,
        1,
        0,
        0,
        0,
        0,
        0,
        null,
        null,
        null,
        1,
        1,
        null,
        1,
        0,
        0,
        null,
        null,
        1,
        0,
        null,
        null,
        1,
        0,
        null,
        null,
        1,
        0,
        null,
        null,
        1,
        1,
        0,
        0,
        0,
        0,
        0,
        0,
        null,
        null,
        0,
        null,
        1,
        0,
        0,
        0,
        0,
        null,
        null,
        null
      ],
      "/Users/robmatthews/Desktop/bitmovin-ruby/lib/bitmovin/encoding/encodings/encoding_task.rb": [
        1,
        1,
        1,
        null,
        1,
        0,
        0,
        0,
        null,
        null,
        1,
        1,
        1,
        null,
        1,
        0,
        null,
        null,
        1,
        0,
        null,
        null,
        1,
        0,
        null,
        null,
        1,
        0,
        null,
        null,
        1,
        0,
        null,
        null,
        1,
        0,
        0,
        0,
        null,
        null,
        1,
        0,
        0,
        null,
        null,
        1,
        0,
        0,
        0,
        null,
        null,
        1,
        0,
        null,
        null,
        1,
        0,
        null,
        null,
        1,
        0,
        0,
        0,
        null,
        null,
        null,
        null
      ],
      "/Users/robmatthews/Desktop/bitmovin-ruby/lib/bitmovin/encoding/encodings/list.rb": [
        1,
        1,
        1,
        null,
        1,
        1,
        6,
        6,
        null,
        1,
        1,
        null,
        null,
        1,
        1,
        0,
        null,
        null,
        1,
        0,
        0,
        0,
        null,
        null,
        1,
        0,
        null,
        null,
        1,
        0,
        null,
        null,
        1,
        0,
        0,
        0,
        null,
        null,
        null
      ],
      "/Users/robmatthews/Desktop/bitmovin-ruby/lib/bitmovin/encoding/encodings/stream_list.rb": [
        1,
        1,
        1,
        null,
        null
      ],
      "/Users/robmatthews/Desktop/bitmovin-ruby/lib/bitmovin/encoding/encodings/muxing_list.rb": [
        1,
        1,
        1,
        null,
        1,
        null,
        1,
        0,
        null,
        null,
        1,
        4,
        0,
        0,
        null,
        null,
        null,
        null,
        null
      ],
      "/Users/robmatthews/Desktop/bitmovin-ruby/lib/bitmovin/encoding/encodings/muxings/muxing_resource.rb": [
        1,
        1,
        1,
        1,
        1,
        null,
        1,
        0,
        0,
        0,
        0,
        0,
        0,
        0,
        null,
        0,
        0,
        null,
        null,
        null,
        1,
        null,
        1,
        0,
        0,
        0,
        null,
        null,
        1,
        null,
        1,
        0,
        0,
        0,
        0,
        null,
        0,
        0,
        0,
        null,
        0,
        0,
        0,
        null,
        null,
        0,
        0,
        0,
        null,
        0,
        0,
        null,
        0,
        null,
        null,
        null
      ],
      "/Users/robmatthews/Desktop/bitmovin-ruby/lib/bitmovin/encoding/encodings/muxings/fmp4_muxing.rb": [
        1,
        1,
        1,
        null,
        null
      ],
      "/Users/robmatthews/Desktop/bitmovin-ruby/lib/bitmovin/encoding/encodings/muxings/ts_muxing.rb": [
        1,
        1,
        1,
        1,
        1,
        1,
        null,
        1,
        0,
        0,
        null,
        null,
        1,
        0,
        0,
        null,
        0,
        null,
        null,
        null
      ],
      "/Users/robmatthews/Desktop/bitmovin-ruby/lib/bitmovin/encoding/encodings/muxings/fmp4_muxing_list.rb": [
        1,
        1,
        1,
        null,
        null
      ],
      "/Users/robmatthews/Desktop/bitmovin-ruby/lib/bitmovin/encoding/encodings/muxings/ts_muxing_list.rb": [
        1,
        1,
        1,
        null,
        null
      ],
      "/Users/robmatthews/Desktop/bitmovin-ruby/lib/bitmovin/encoding/encodings/muxings/mp4_muxing.rb": [
        1,
        1,
        null,
        null
      ],
      "/Users/robmatthews/Desktop/bitmovin-ruby/lib/bitmovin/encoding/encodings/muxings/mp4_muxing_list.rb": [
        1,
        1,
        1,
        null,
        null
      ],
      "/Users/robmatthews/Desktop/bitmovin-ruby/lib/bitmovin/encoding/encodings/muxings/webm_muxing.rb": [
        1,
        1,
        1,
        null,
        null
      ],
      "/Users/robmatthews/Desktop/bitmovin-ruby/lib/bitmovin/encoding/encodings/muxings/webm_muxing_list.rb": [
        1,
        1,
        1,
        null,
        null
      ],
      "/Users/robmatthews/Desktop/bitmovin-ruby/lib/bitmovin/encoding/encodings/muxings/drms/drm_muxings.rb": [
        1,
        1,
        null,
        null,
        1,
        1
      ],
      "/Users/robmatthews/Desktop/bitmovin-ruby/lib/bitmovin/encoding/encodings/muxings/drms/drm_muxing_resource.rb": [
        1,
        1,
        1,
        1,
        1,
        1,
        null,
        1,
        0,
        0,
        0,
        0,
        0,
        0,
        0,
        0,
        0,
        null,
        null,
        null,
        1,
        0,
        0,
        0,
        null,
        null,
        1,
        null,
        1,
        0,
        0,
        0,
        0,
        null,
        0,
        0,
        0,
        null,
        0,
        0,
        0,
        null,
        null,
        0,
        0,
        0,
        null,
        0,
        0,
        null,
        0,
        null,
        null,
        null
      ],
      "/Users/robmatthews/Desktop/bitmovin-ruby/lib/bitmovin/encoding/encodings/muxings/drms/ts_muxing_aes_encryption.rb": [
        1,
        1,
        1,
        null,
        null
      ],
      "/Users/robmatthews/Desktop/bitmovin-ruby/lib/bitmovin/encoding/encodings/muxings/drms/ts_muxing_drm_list.rb": [
        1,
        1,
        1,
        0,
        null,
        null,
        1,
        0,
        null,
        null,
        null
      ],
      "/Users/robmatthews/Desktop/bitmovin-ruby/lib/bitmovin/encoding/encodings/muxings/drms/ts_muxing_aes_encryption_list.rb": [
        1,
        1,
        1,
        null,
        1,
        1,
        0,
        0,
        null,
        null,
        1,
        0,
        null,
        null,
        null
      ],
      "/Users/robmatthews/Desktop/bitmovin-ruby/lib/bitmovin/encoding/encodings/thumbnails/thumbnail.rb": [
        1,
        1,
        null,
        1,
        0,
        0,
        null,
        0,
        0,
        null,
        0,
        0,
        0,
        0,
        0,
        0,
        null,
        null,
        1,
        null,
        1,
        0,
        0,
        null,
        null,
        null,
        1,
        0,
        null,
        null,
        1,
        0,
        0,
        0,
        0,
        null,
        0,
        null,
        null,
        1,
        0,
        null,
        null,
        1,
        0,
        null,
        0,
        0,
        null,
        null,
        0,
        0,
        null,
        null,
        0,
        0,
        null,
        null,
        0,
        0,
        null,
        null,
        0,
        0,
        null,
        null,
        0,
        null,
        null,
        null,
        null
      ],
      "/Users/robmatthews/Desktop/bitmovin-ruby/lib/bitmovin/encoding/encodings/sprites/sprite.rb": [
        1,
        1,
        null,
        1,
        0,
        0,
        null,
        0,
        0,
        null,
        0,
        0,
        0,
        0,
        0,
        0,
        0,
        null,
        null,
        1,
        null,
        1,
        0,
        0,
        null,
        null,
        null,
        1,
        0,
        null,
        null,
        1,
        0,
        0,
        0,
        0,
        null,
        0,
        null,
        null,
        1,
        0,
        null,
        null,
        1,
        0,
        null,
        0,
        0,
        null,
        null,
        0,
        0,
        null,
        null,
        0,
        0,
        null,
        null,
        0,
        0,
        null,
        null,
        0,
        0,
        null,
        null,
        0,
        0,
        null,
        null,
        0,
        null,
        null,
        null,
        null
      ],
      "/Users/robmatthews/Desktop/bitmovin-ruby/lib/bitmovin/encoding/manifests.rb": [
        1,
        1,
        1,
        null,
        null,
        null,
        1,
        null,
        null,
        null,
        1,
        null,
        null,
        null,
        null,
        null,
        1,
        1,
        1,
        1,
        1,
        1,
        1,
        1,
        1,
        1
      ],
      "/Users/robmatthews/Desktop/bitmovin-ruby/lib/bitmovin/encoding/manifests/fmp4_representation.rb": [
        1,
        1,
        1,
        0,
        0,
        0,
        0,
        0,
        0,
        null,
        null,
        1,
        1,
        1,
        null,
        1,
        null,
        null
      ],
      "/Users/robmatthews/Desktop/bitmovin-ruby/lib/bitmovin/encoding/manifests/audio_adaptation_set.rb": [
        1,
        1,
        1,
        1,
        0,
        0,
        0,
        0,
        null,
        null,
        1,
        null,
        1,
        1,
        1,
        1,
        null,
        1,
        0,
        null,
        null,
        null
      ],
      "/Users/robmatthews/Desktop/bitmovin-ruby/lib/bitmovin/encoding/manifests/video_adaptation_set.rb": [
        1,
        1,
        1,
        1,
        0,
        0,
        0,
        0,
        0,
        null,
        null,
        1,
        null,
        1,
        1,
        1,
        null,
        1,
        0,
        null,
        null,
        null
      ],
      "/Users/robmatthews/Desktop/bitmovin-ruby/lib/bitmovin/encoding/manifests/period.rb": [
        1,
        1,
        1,
        null,
        1,
        0,
        0,
        0,
        0,
        0,
        null,
        1,
        null,
        1,
        1,
        null,
        null
      ],
      "/Users/robmatthews/Desktop/bitmovin-ruby/lib/bitmovin/encoding/manifests/dash_manifest.rb": [
        1,
        1,
        1,
        1,
        null,
        1,
        0,
        0,
        0,
        0,
        null,
        null,
        1,
        null,
        1,
        null,
        1,
        0,
        null,
        null,
        1,
        0,
        null,
        null,
        1,
        0,
        0,
        null,
        null,
        1,
        0,
        0,
        0,
        null,
        null,
        1,
        0,
        null,
        null,
        1,
        0,
        null,
        null,
        1,
        null,
        1,
        0,
        0,
        0,
        0,
        null,
        0,
        0,
        null,
        null,
        null
      ],
      "/Users/robmatthews/Desktop/bitmovin-ruby/lib/bitmovin/encoding/manifests/hls_audio_media.rb": [
        1,
        1,
        1,
        1,
        1,
        1,
        1,
        1,
        1,
        1,
        1,
        1,
        1,
        1,
        1,
        1,
        1,
        1,
        null,
        1,
        0,
        0,
        0,
        0,
        null,
        null,
        1,
        0,
        null,
        null,
        null,
        null
      ],
      "/Users/robmatthews/Desktop/bitmovin-ruby/lib/bitmovin/encoding/manifests/hls_variant_stream.rb": [
        1,
        1,
        1,
        null,
        null,
        1,
        1,
        null,
        1,
        1,
        null,
        null,
        1,
        0,
        0,
        0,
        0,
        null,
        null,
        null
      ],
      "/Users/robmatthews/Desktop/bitmovin-ruby/lib/bitmovin/encoding/manifests/hls_manifest.rb": [
        1,
        1,
        1,
        1,
        null,
        1,
        null,
        1,
        0,
        0,
        0,
        0,
        0,
        null,
        null,
        1,
        1,
        null,
        1,
        0,
        0,
        null,
        null,
        1,
        0,
        0,
        0,
        null,
        null,
        1,
        0,
        null,
        null,
        1,
        0,
        null,
        null,
        1,
        null,
        1,
        0,
        0,
        0,
        0,
        null,
        0,
        0,
        null,
        null,
        null
      ],
      "/Users/robmatthews/Desktop/bitmovin-ruby/lib/bitmovin/encoding/manifests/dash_representations.rb": [
        1,
        1,
        1,
        0,
        null,
        1,
        null,
        1,
        2,
        null,
        null,
        null,
        null,
        null
      ],
      "/Users/robmatthews/Desktop/bitmovin-ruby/lib/bitmovin/encoding/manifests/hls_variant_stream_list.rb": [
        1,
        1,
        1,
        1,
        null,
        1,
        0,
        0,
        null,
        null,
        null,
        1,
        0,
        0,
        0,
        null,
        null,
        1,
        0,
        null,
        null,
        null
      ],
      "/Users/robmatthews/Desktop/bitmovin-ruby/lib/bitmovin/encoding/stream_output.rb": [
        1,
        1,
        1,
        0,
        0,
        0,
        null,
        null,
        null,
        1,
        null,
        1,
        0,
        0,
        null,
        null,
        1,
        0,
        null,
        null,
        1,
        0,
        null,
        null,
        1,
        0,
        null,
        null,
        1,
        null,
        1,
        0,
        0,
        0,
        0,
        null,
        0,
        null,
        null,
        1,
        0,
        0,
        null,
        null,
        null
      ],
      "/Users/robmatthews/Desktop/bitmovin-ruby/lib/bitmovin/webhooks.rb": [
        1,
        1,
        null,
        null,
        1,
        1,
        1,
        1,
        1
      ],
      "/Users/robmatthews/Desktop/bitmovin-ruby/lib/bitmovin/webhooks/webhook_resource.rb": [
        1,
        1,
        1,
        null,
        null
      ],
      "/Users/robmatthews/Desktop/bitmovin-ruby/lib/bitmovin/webhooks/encoding_finished_webhook.rb": [
        1,
        1,
        1,
        1,
        0,
        0,
        0,
        null,
        0,
        null,
        0,
        null,
        null,
        null
      ],
      "/Users/robmatthews/Desktop/bitmovin-ruby/lib/bitmovin/webhooks/encoding_error_webhook.rb": [
        1,
        1,
        1,
        1,
        0,
        0,
        0,
        null,
        0,
        null,
        0,
        null,
        null,
        null
      ],
      "/Users/robmatthews/Desktop/bitmovin-ruby/lib/bitmovin/webhooks/webhook_encryption.rb": [
        1,
        1,
        1,
        0,
        0,
        0,
        null,
        null,
        null,
        1,
        null,
        1,
        0,
        0,
        null,
        null,
        1,
        0,
        null,
        null,
        1,
        0,
        null,
        null,
        1,
        0,
        null,
        null,
        1,
        null,
        1,
        0,
        0,
        0,
        0,
        null,
        0,
        null,
        null,
        1,
        0,
        0,
        null,
        null,
        null
      ],
      "/Users/robmatthews/Desktop/bitmovin-ruby/lib/bitmovin/webhooks/webhook_signature.rb": [
        1,
        1,
        1,
        0,
        0,
        0,
        null,
        null,
        null,
        1,
        null,
        1,
        0,
        0,
        null,
        null,
        1,
        0,
        null,
        null,
        1,
        0,
        null,
        null,
        1,
        0,
        null,
        null,
        1,
        null,
        1,
        0,
        0,
        0,
        0,
        null,
        0,
        null,
        null,
        1,
        0,
        0,
        null,
        null,
        null
      ]
    },
    "timestamp": 1533752394
  }
}
